2025-05-25 21:41:30,637 - PersonDetectionSystem - INFO - Sistema iniciado
2025-05-25 21:41:38,910 - PersonDetectionSystem - WARNING - ALERTA MÁXIMA: Capacidad completa o excedida (100.0%)
2025-05-25 21:41:48,580 - PersonDetectionSystem - WARNING - ALERTA MÁXIMA: Capacidad completa o excedida (100.0%)
2025-05-25 21:41:49,694 - PersonDetectionSystem - WARNING - ALERTA MÁXIMA: Capacidad completa o excedida (100.0%)
2025-05-25 21:41:53,032 - PersonDetectionSystem - WARNING - ALERTA MÁXIMA: Capacidad completa o excedida (100.0%)
2025-05-25 21:42:04,885 - PersonDetectionSystem - WARNING - ALERTA MÁXIMA: Capacidad completa o excedida (100.0%)
2025-05-25 21:42:07,678 - PersonDetectionSystem - WARNING - ALERTA MÁXIMA: Capacidad completa o excedida (100.0%)
2025-05-25 21:42:18,233 - PersonDetectionSystem - WARNING - ALERTA MÁXIMA: Capacidad completa o excedida (100.0%)
2025-05-25 21:42:19,829 - PersonDetectionSystem - WARNING - ALERTA MÁXIMA: Capacidad completa o excedida (100.0%)
2025-05-25 21:42:26,714 - PersonDetectionSystem - WARNING - ALERTA MÁXIMA: Capacidad completa o excedida (100.0%)
2025-05-25 21:42:28,697 - PersonDetectionSystem - WARNING - ALERTA MÁXIMA: Capacidad completa o excedida (100.0%)
2025-05-25 21:42:30,751 - PersonDetectionSystem - INFO - Filtro aplicado: grayscale
2025-05-25 21:42:31,463 - PersonDetectionSystem - WARNING - ALERTA MÁXIMA: Capacidad completa o excedida (100.0%)
2025-05-25 21:42:32,974 - PersonDetectionSystem - INFO - Filtro aplicado: histogram
2025-05-25 21:42:36,094 - PersonDetectionSystem - INFO - Filtro aplicado: erosion
2025-05-25 21:42:37,719 - PersonDetectionSystem - INFO - Filtro aplicado: opening
2025-05-25 21:42:40,759 - PersonDetectionSystem - INFO - Filtro aplicado: closing
2025-05-25 21:42:50,977 - PersonDetectionSystem - INFO - Filtro aplicado: histogram
2025-05-25 21:42:54,095 - PersonDetectionSystem - WARNING - ALERTA MÁXIMA: Capacidad completa o excedida (100.0%)
2025-05-25 21:42:59,436 - PersonDetectionSystem - WARNING - ALERTA MÁXIMA: Capacidad completa o excedida (100.0%)
2025-05-25 21:43:00,809 - PersonDetectionSystem - WARNING - ALERTA MÁXIMA: Capacidad completa o excedida (100.0%)
2025-05-25 21:43:11,853 - PersonDetectionSystem - WARNING - ALERTA MÁXIMA: Capacidad completa o excedida (100.0%)
2025-05-25 21:43:13,225 - PersonDetectionSystem - WARNING - ALERTA MÁXIMA: Capacidad completa o excedida (100.0%)
2025-05-25 21:43:23,603 - PersonDetectionSystem - INFO - Sistema detenido
2025-05-25 21:43:58,604 - PersonDetectionSystem - INFO - Imagen procesada guardada: C:/Users/Bello/Downloads/2personasimagen.png
2025-05-25 21:44:06,985 - PersonDetectionSystem - INFO - Imagen cargada: C:/Users/Bello/Downloads/2personasimagen.png
2025-05-25 21:44:08,663 - PersonDetectionSystem - INFO - Filtro aplicado: erosion
2025-05-25 21:44:09,982 - PersonDetectionSystem - INFO - Filtro aplicado: denoise
2025-05-25 21:44:12,756 - PersonDetectionSystem - INFO - Filtro aplicado: closing
2025-05-25 21:44:14,232 - PersonDetectionSystem - INFO - Filtro aplicado: histogram
2025-05-25 21:44:16,109 - PersonDetectionSystem - INFO - Filtro aplicado: denoise
2025-05-25 21:44:18,096 - PersonDetectionSystem - INFO - Filtro aplicado: grayscale
2025-05-25 21:44:19,032 - PersonDetectionSystem - INFO - Filtro aplicado: erosion
2025-05-25 21:44:20,303 - PersonDetectionSystem - INFO - Filtro aplicado: denoise
2025-05-25 21:44:21,269 - PersonDetectionSystem - INFO - Filtro aplicado: opening
2025-05-25 21:44:22,604 - PersonDetectionSystem - INFO - Filtro aplicado: closing
2025-05-25 21:44:23,847 - PersonDetectionSystem - INFO - Filtro aplicado: histogram
2025-05-25 21:45:24,220 - PersonDetectionSystem - INFO - Sistema detenido
